mode: set
github.com/cleanflo/firebase-fx/deploy.go:24.49,26.21 2 1
github.com/cleanflo/firebase-fx/deploy.go:31.2,32.33 2 1
github.com/cleanflo/firebase-fx/deploy.go:53.2,54.10 2 1
github.com/cleanflo/firebase-fx/deploy.go:26.21,28.3 1 1
github.com/cleanflo/firebase-fx/deploy.go:32.33,33.21 1 1
github.com/cleanflo/firebase-fx/deploy.go:34.34,36.74 2 1
github.com/cleanflo/firebase-fx/deploy.go:37.83,39.68 2 1
github.com/cleanflo/firebase-fx/deploy.go:40.154,42.94 2 1
github.com/cleanflo/firebase-fx/deploy.go:43.138,45.94 2 1
github.com/cleanflo/firebase-fx/deploy.go:46.150,48.83 2 0
github.com/cleanflo/firebase-fx/deploy.go:70.80,73.2 2 0
github.com/cleanflo/firebase-fx/deploy.go:79.73,82.2 2 0
github.com/cleanflo/firebase-fx/deploy.go:89.76,92.2 2 0
github.com/cleanflo/firebase-fx/deploy.go:104.77,107.2 2 0
github.com/cleanflo/firebase-fx/events.go:12.36,14.2 1 1
github.com/cleanflo/firebase-fx/events.go:53.39,55.2 1 1
github.com/cleanflo/firebase-fx/events.go:58.43,60.2 1 1
github.com/cleanflo/firebase-fx/events.go:63.42,65.2 1 1
github.com/cleanflo/firebase-fx/events.go:71.40,72.11 1 1
github.com/cleanflo/firebase-fx/events.go:76.2,76.14 1 1
github.com/cleanflo/firebase-fx/events.go:73.121,74.14 1 1
github.com/cleanflo/firebase-fx/events.go:80.44,82.2 1 0
github.com/cleanflo/firebase-fx/events.go:85.43,86.11 1 0
github.com/cleanflo/firebase-fx/events.go:96.2,96.35 1 0
github.com/cleanflo/firebase-fx/events.go:87.34,88.35 1 0
github.com/cleanflo/firebase-fx/events.go:89.32,90.33 1 0
github.com/cleanflo/firebase-fx/events.go:91.33,92.34 1 0
github.com/cleanflo/firebase-fx/events.go:93.40,94.35 1 0
github.com/cleanflo/firebase-fx/events.go:103.42,104.11 1 1
github.com/cleanflo/firebase-fx/events.go:108.2,108.14 1 1
github.com/cleanflo/firebase-fx/events.go:105.125,106.14 1 1
github.com/cleanflo/firebase-fx/events.go:112.46,114.2 1 1
github.com/cleanflo/firebase-fx/events.go:117.45,118.11 1 1
github.com/cleanflo/firebase-fx/events.go:128.2,128.34 1 0
github.com/cleanflo/firebase-fx/events.go:119.36,120.32 1 1
github.com/cleanflo/firebase-fx/events.go:121.36,122.32 1 1
github.com/cleanflo/firebase-fx/events.go:123.36,124.32 1 1
github.com/cleanflo/firebase-fx/events.go:125.35,126.31 1 1
github.com/cleanflo/firebase-fx/events.go:135.42,137.2 1 0
github.com/cleanflo/firebase-fx/events.go:140.46,142.2 1 0
github.com/cleanflo/firebase-fx/events.go:145.45,147.2 1 0
github.com/cleanflo/firebase-fx/events.go:153.43,154.11 1 1
github.com/cleanflo/firebase-fx/events.go:158.2,158.14 1 1
github.com/cleanflo/firebase-fx/events.go:155.109,156.14 1 1
github.com/cleanflo/firebase-fx/events.go:162.47,164.2 1 1
github.com/cleanflo/firebase-fx/events.go:167.46,168.11 1 1
github.com/cleanflo/firebase-fx/events.go:178.2,178.35 1 0
github.com/cleanflo/firebase-fx/events.go:169.31,170.26 1 1
github.com/cleanflo/firebase-fx/events.go:171.32,172.27 1 1
github.com/cleanflo/firebase-fx/events.go:173.32,174.27 1 1
github.com/cleanflo/firebase-fx/events.go:175.32,176.27 1 1
github.com/cleanflo/firebase-fx/events.go:185.37,186.11 1 1
github.com/cleanflo/firebase-fx/events.go:190.2,190.14 1 1
github.com/cleanflo/firebase-fx/events.go:187.68,188.14 1 1
github.com/cleanflo/firebase-fx/events.go:194.41,196.2 1 1
github.com/cleanflo/firebase-fx/events.go:199.40,200.11 1 1
github.com/cleanflo/firebase-fx/events.go:206.2,206.30 1 0
github.com/cleanflo/firebase-fx/events.go:201.37,202.28 1 1
github.com/cleanflo/firebase-fx/events.go:203.37,204.28 1 1
github.com/cleanflo/firebase-fx/events.go:213.45,215.2 1 0
github.com/cleanflo/firebase-fx/events.go:218.49,220.2 1 0
github.com/cleanflo/firebase-fx/events.go:223.48,225.2 1 0
github.com/cleanflo/firebase-fx/events.go:230.42,232.2 1 0
github.com/cleanflo/firebase-fx/events.go:235.46,237.2 1 0
github.com/cleanflo/firebase-fx/events.go:240.45,242.2 1 0
github.com/cleanflo/firebase-fx/log.go:20.57,21.11 1 1
github.com/cleanflo/firebase-fx/log.go:22.13,23.27 1 1
github.com/cleanflo/firebase-fx/log.go:24.12,25.26 1 0
github.com/cleanflo/firebase-fx/log.go:26.12,27.26 1 0
github.com/cleanflo/firebase-fx/log.go:28.13,29.27 1 0
github.com/cleanflo/firebase-fx/log.go:34.66,35.11 1 1
github.com/cleanflo/firebase-fx/log.go:36.13,37.25 1 1
github.com/cleanflo/firebase-fx/log.go:38.12,39.24 1 0
github.com/cleanflo/firebase-fx/log.go:40.12,41.24 1 0
github.com/cleanflo/firebase-fx/log.go:42.13,43.25 1 0
github.com/cleanflo/firebase-fx/log.go:48.52,52.2 3 1
github.com/cleanflo/firebase-fx/rtdb.go:15.62,18.2 2 1
github.com/cleanflo/firebase-fx/rtdb.go:23.103,24.64 1 1
github.com/cleanflo/firebase-fx/rtdb.go:39.2,39.12 1 0
github.com/cleanflo/firebase-fx/rtdb.go:24.64,29.38 3 1
github.com/cleanflo/firebase-fx/rtdb.go:33.3,33.40 1 1
github.com/cleanflo/firebase-fx/rtdb.go:29.38,31.4 1 1
github.com/cleanflo/firebase-fx/rtdb.go:33.40,36.4 2 1
github.com/cleanflo/firebase-fx/rtdb.go:45.44,49.33 3 1
github.com/cleanflo/firebase-fx/rtdb.go:58.2,60.32 2 1
github.com/cleanflo/firebase-fx/rtdb.go:49.33,50.55 1 1
github.com/cleanflo/firebase-fx/rtdb.go:50.55,53.4 2 1
github.com/cleanflo/firebase-fx/rtdb.go:53.9,53.25 1 1
github.com/cleanflo/firebase-fx/rtdb.go:53.25,55.4 1 0
github.com/cleanflo/firebase-fx/rtdb.go:77.66,80.2 2 1
github.com/cleanflo/firebase-fx/rtdb.go:85.93,89.54 3 1
github.com/cleanflo/firebase-fx/rtdb.go:93.2,97.10 4 1
github.com/cleanflo/firebase-fx/rtdb.go:89.54,91.3 1 1
github.com/cleanflo/firebase-fx/rtdb.go:103.94,107.55 3 1
github.com/cleanflo/firebase-fx/rtdb.go:111.2,115.10 4 1
github.com/cleanflo/firebase-fx/rtdb.go:107.55,109.3 1 1
github.com/cleanflo/firebase-fx/rtdb.go:121.94,125.55 3 1
github.com/cleanflo/firebase-fx/rtdb.go:129.2,133.10 4 1
github.com/cleanflo/firebase-fx/rtdb.go:125.55,127.3 1 1
github.com/cleanflo/firebase-fx/rtdb.go:139.94,143.55 3 1
github.com/cleanflo/firebase-fx/rtdb.go:147.2,151.10 4 1
github.com/cleanflo/firebase-fx/rtdb.go:143.55,145.3 1 1
github.com/cleanflo/firebase-fx/rtdb.go:161.46,163.2 1 0
github.com/cleanflo/firebase-fx/rtdb.go:166.111,169.14 2 1
github.com/cleanflo/firebase-fx/rtdb.go:175.2,181.16 3 1
github.com/cleanflo/firebase-fx/rtdb.go:187.2,192.16 5 1
github.com/cleanflo/firebase-fx/rtdb.go:198.2,199.16 2 1
github.com/cleanflo/firebase-fx/rtdb.go:205.2,211.16 5 1
github.com/cleanflo/firebase-fx/rtdb.go:216.2,216.12 1 1
github.com/cleanflo/firebase-fx/rtdb.go:169.14,173.3 3 0
github.com/cleanflo/firebase-fx/rtdb.go:181.16,185.3 3 0
github.com/cleanflo/firebase-fx/rtdb.go:192.16,196.3 3 0
github.com/cleanflo/firebase-fx/rtdb.go:199.16,203.3 3 0
github.com/cleanflo/firebase-fx/rtdb.go:211.16,215.3 3 0
github.com/cleanflo/firebase-fx/rtdb.go:219.44,221.2 1 1
github.com/cleanflo/firebase-fx/rtdb.go:223.48,225.2 1 1
github.com/cleanflo/firebase-fx/rtdb.go:227.48,229.2 1 1
github.com/cleanflo/firebase-fx/register.go:19.13,24.2 2 1
github.com/cleanflo/firebase-fx/register.go:32.49,35.2 2 1
github.com/cleanflo/firebase-fx/register.go:38.47,40.2 1 1
github.com/cleanflo/firebase-fx/register.go:66.39,76.2 1 1
github.com/cleanflo/firebase-fx/register.go:83.81,85.16 2 1
github.com/cleanflo/firebase-fx/register.go:89.2,89.14 1 1
github.com/cleanflo/firebase-fx/register.go:138.2,139.60 2 0
github.com/cleanflo/firebase-fx/register.go:85.16,87.3 1 0
github.com/cleanflo/firebase-fx/register.go:90.45,93.17 3 1
github.com/cleanflo/firebase-fx/register.go:99.3,100.64 2 1
github.com/cleanflo/firebase-fx/register.go:104.3,104.13 1 1
github.com/cleanflo/firebase-fx/register.go:105.46,105.46 0 0
github.com/cleanflo/firebase-fx/register.go:107.48,109.20 2 1
github.com/cleanflo/firebase-fx/register.go:115.3,117.13 2 1
github.com/cleanflo/firebase-fx/register.go:119.49,123.13 3 1
github.com/cleanflo/firebase-fx/register.go:125.43,126.69 1 1
github.com/cleanflo/firebase-fx/register.go:135.3,135.13 1 1
github.com/cleanflo/firebase-fx/register.go:93.17,97.4 3 0
github.com/cleanflo/firebase-fx/register.go:100.64,102.4 1 1
github.com/cleanflo/firebase-fx/register.go:109.20,113.4 3 0
github.com/cleanflo/firebase-fx/register.go:126.69,128.18 2 1
github.com/cleanflo/firebase-fx/register.go:128.18,132.5 3 1
github.com/cleanflo/firebase-fx/register.go:143.80,144.33 1 1
github.com/cleanflo/firebase-fx/register.go:148.2,148.19 1 0
github.com/cleanflo/firebase-fx/register.go:144.33,146.3 1 1
github.com/cleanflo/firebase-fx/authentication.go:12.70,15.2 2 1
github.com/cleanflo/firebase-fx/authentication.go:43.88,50.2 4 1
github.com/cleanflo/firebase-fx/authentication.go:54.88,61.2 4 1
github.com/cleanflo/firebase-fx/authentication.go:64.115,67.16 3 1
github.com/cleanflo/firebase-fx/authentication.go:73.2,73.17 1 1
github.com/cleanflo/firebase-fx/authentication.go:82.2,82.12 1 1
github.com/cleanflo/firebase-fx/authentication.go:67.16,71.3 3 0
github.com/cleanflo/firebase-fx/authentication.go:73.17,75.17 2 1
github.com/cleanflo/firebase-fx/authentication.go:75.17,79.4 3 1
github.com/cleanflo/firebase-fx/authentication.go:85.48,87.2 1 1
github.com/cleanflo/firebase-fx/authentication.go:89.52,91.2 1 0
github.com/cleanflo/firebase-fx/authentication.go:93.52,95.2 1 1
github.com/cleanflo/firebase-fx/firestore.go:17.60,20.2 2 1
github.com/cleanflo/firebase-fx/firestore.go:27.100,28.62 1 1
github.com/cleanflo/firebase-fx/firestore.go:43.2,43.12 1 0
github.com/cleanflo/firebase-fx/firestore.go:28.62,33.37 3 1
github.com/cleanflo/firebase-fx/firestore.go:37.3,37.40 1 1
github.com/cleanflo/firebase-fx/firestore.go:33.37,35.4 1 1
github.com/cleanflo/firebase-fx/firestore.go:37.40,40.4 2 1
github.com/cleanflo/firebase-fx/firestore.go:62.71,65.19 2 1
github.com/cleanflo/firebase-fx/firestore.go:72.2,73.10 2 1
github.com/cleanflo/firebase-fx/firestore.go:65.19,70.3 3 1
github.com/cleanflo/firebase-fx/firestore.go:79.69,82.19 2 1
github.com/cleanflo/firebase-fx/firestore.go:89.2,90.10 2 1
github.com/cleanflo/firebase-fx/firestore.go:82.19,87.3 3 1
github.com/cleanflo/firebase-fx/firestore.go:96.91,100.58 3 1
github.com/cleanflo/firebase-fx/firestore.go:104.2,108.10 4 1
github.com/cleanflo/firebase-fx/firestore.go:100.58,102.3 1 1
github.com/cleanflo/firebase-fx/firestore.go:114.91,118.58 3 1
github.com/cleanflo/firebase-fx/firestore.go:122.2,126.10 4 1
github.com/cleanflo/firebase-fx/firestore.go:118.58,120.3 1 1
github.com/cleanflo/firebase-fx/firestore.go:132.91,136.58 3 1
github.com/cleanflo/firebase-fx/firestore.go:140.2,144.10 4 1
github.com/cleanflo/firebase-fx/firestore.go:136.58,138.3 1 1
github.com/cleanflo/firebase-fx/firestore.go:150.90,154.57 3 1
github.com/cleanflo/firebase-fx/firestore.go:158.2,162.10 4 1
github.com/cleanflo/firebase-fx/firestore.go:154.57,156.3 1 1
github.com/cleanflo/firebase-fx/firestore.go:168.43,170.27 2 1
github.com/cleanflo/firebase-fx/firestore.go:176.2,177.33 2 1
github.com/cleanflo/firebase-fx/firestore.go:186.2,188.32 2 1
github.com/cleanflo/firebase-fx/firestore.go:170.27,174.3 1 0
github.com/cleanflo/firebase-fx/firestore.go:177.33,178.55 1 1
github.com/cleanflo/firebase-fx/firestore.go:178.55,181.4 2 1
github.com/cleanflo/firebase-fx/firestore.go:181.9,181.25 1 1
github.com/cleanflo/firebase-fx/firestore.go:181.25,183.4 1 0
github.com/cleanflo/firebase-fx/firestore.go:214.51,216.2 1 0
github.com/cleanflo/firebase-fx/firestore.go:220.52,223.9 3 1
github.com/cleanflo/firebase-fx/firestore.go:227.2,228.9 2 1
github.com/cleanflo/firebase-fx/firestore.go:232.2,233.16 2 1
github.com/cleanflo/firebase-fx/firestore.go:237.2,238.16 2 1
github.com/cleanflo/firebase-fx/firestore.go:242.2,246.12 4 1
github.com/cleanflo/firebase-fx/firestore.go:223.9,225.3 1 0
github.com/cleanflo/firebase-fx/firestore.go:228.9,230.3 1 0
github.com/cleanflo/firebase-fx/firestore.go:233.16,235.3 1 0
github.com/cleanflo/firebase-fx/firestore.go:238.16,240.3 1 0
github.com/cleanflo/firebase-fx/firestore.go:249.85,252.30 2 1
github.com/cleanflo/firebase-fx/firestore.go:260.2,260.33 1 1
github.com/cleanflo/firebase-fx/firestore.go:264.2,266.16 3 1
github.com/cleanflo/firebase-fx/firestore.go:271.2,273.33 2 1
github.com/cleanflo/firebase-fx/firestore.go:252.30,253.17 1 0
github.com/cleanflo/firebase-fx/firestore.go:257.3,257.17 1 0
github.com/cleanflo/firebase-fx/firestore.go:253.17,255.4 1 0
github.com/cleanflo/firebase-fx/firestore.go:260.33,262.3 1 0
github.com/cleanflo/firebase-fx/firestore.go:266.16,269.3 2 0
github.com/cleanflo/firebase-fx/firestore.go:276.67,279.39 2 1
github.com/cleanflo/firebase-fx/firestore.go:291.2,291.12 1 1
github.com/cleanflo/firebase-fx/firestore.go:279.39,284.48 4 1
github.com/cleanflo/firebase-fx/firestore.go:284.48,285.32 1 1
github.com/cleanflo/firebase-fx/firestore.go:285.32,287.5 1 1
github.com/cleanflo/firebase-fx/firestore.go:294.64,297.48 3 1
github.com/cleanflo/firebase-fx/firestore.go:301.2,301.33 1 1
github.com/cleanflo/firebase-fx/firestore.go:340.2,340.12 1 1
github.com/cleanflo/firebase-fx/firestore.go:297.48,299.3 1 1
github.com/cleanflo/firebase-fx/firestore.go:301.33,302.40 1 1
github.com/cleanflo/firebase-fx/firestore.go:302.40,304.32 2 1
github.com/cleanflo/firebase-fx/firestore.go:304.32,306.14 2 1
github.com/cleanflo/firebase-fx/firestore.go:307.71,308.69 1 1
github.com/cleanflo/firebase-fx/firestore.go:309.27,310.36 1 0
github.com/cleanflo/firebase-fx/firestore.go:318.26,318.26 0 0
github.com/cleanflo/firebase-fx/firestore.go:320.23,320.23 0 0
github.com/cleanflo/firebase-fx/firestore.go:321.21,322.52 1 0
github.com/cleanflo/firebase-fx/firestore.go:310.36,312.21 2 0
github.com/cleanflo/firebase-fx/firestore.go:316.7,316.69 1 0
github.com/cleanflo/firebase-fx/firestore.go:312.21,315.8 2 0
github.com/cleanflo/firebase-fx/firestore.go:322.52,323.40 1 0
github.com/cleanflo/firebase-fx/firestore.go:323.40,324.62 1 0
github.com/cleanflo/firebase-fx/firestore.go:324.62,329.23 5 0
github.com/cleanflo/firebase-fx/firestore.go:332.9,332.58 1 0
github.com/cleanflo/firebase-fx/firestore.go:329.23,331.10 1 0
github.com/cleanflo/firebase-fx/firestore.go:343.66,347.39 4 0
github.com/cleanflo/firebase-fx/firestore.go:358.2,358.12 1 0
github.com/cleanflo/firebase-fx/firestore.go:347.39,350.34 3 0
github.com/cleanflo/firebase-fx/firestore.go:350.34,351.32 1 0
github.com/cleanflo/firebase-fx/firestore.go:351.32,355.5 3 0
github.com/cleanflo/firebase-fx/firestore.go:361.66,365.11 1 1
github.com/cleanflo/firebase-fx/firestore.go:366.21,367.71 1 1
github.com/cleanflo/firebase-fx/firestore.go:370.37,371.38 1 1
github.com/cleanflo/firebase-fx/firestore.go:410.22,411.67 1 1
github.com/cleanflo/firebase-fx/firestore.go:414.19,414.19 0 0
github.com/cleanflo/firebase-fx/firestore.go:417.24,418.71 1 0
github.com/cleanflo/firebase-fx/firestore.go:421.24,422.84 1 0
github.com/cleanflo/firebase-fx/firestore.go:429.23,429.23 0 0
github.com/cleanflo/firebase-fx/firestore.go:435.20,437.60 1 0
github.com/cleanflo/firebase-fx/firestore.go:448.18,450.49 1 1
github.com/cleanflo/firebase-fx/firestore.go:367.71,369.4 1 1
github.com/cleanflo/firebase-fx/firestore.go:372.14,373.28 1 0
github.com/cleanflo/firebase-fx/firestore.go:384.16,385.28 1 0
github.com/cleanflo/firebase-fx/firestore.go:395.15,396.28 1 1
github.com/cleanflo/firebase-fx/firestore.go:374.80,375.34 1 0
github.com/cleanflo/firebase-fx/firestore.go:378.42,379.45 1 0
github.com/cleanflo/firebase-fx/firestore.go:375.34,377.6 1 0
github.com/cleanflo/firebase-fx/firestore.go:379.45,381.6 1 0
github.com/cleanflo/firebase-fx/firestore.go:386.80,387.41 1 0
github.com/cleanflo/firebase-fx/firestore.go:390.42,391.36 1 0
github.com/cleanflo/firebase-fx/firestore.go:387.41,389.6 1 0
github.com/cleanflo/firebase-fx/firestore.go:391.36,393.6 1 0
github.com/cleanflo/firebase-fx/firestore.go:397.80,398.87 1 1
github.com/cleanflo/firebase-fx/firestore.go:403.42,404.87 1 1
github.com/cleanflo/firebase-fx/firestore.go:398.87,400.6 1 1
github.com/cleanflo/firebase-fx/firestore.go:400.11,402.6 1 0
github.com/cleanflo/firebase-fx/firestore.go:404.87,407.6 2 1
github.com/cleanflo/firebase-fx/firestore.go:411.67,413.4 1 1
github.com/cleanflo/firebase-fx/firestore.go:418.71,420.4 1 0
github.com/cleanflo/firebase-fx/firestore.go:422.84,424.18 2 0
github.com/cleanflo/firebase-fx/firestore.go:427.4,427.37 1 0
github.com/cleanflo/firebase-fx/firestore.go:424.18,426.5 1 0
github.com/cleanflo/firebase-fx/firestore.go:437.60,440.28 2 0
github.com/cleanflo/firebase-fx/firestore.go:441.23,443.19 2 0
github.com/cleanflo/firebase-fx/firestore.go:443.19,445.6 1 0
github.com/cleanflo/firebase-fx/firestore.go:450.49,451.37 1 1
github.com/cleanflo/firebase-fx/firestore.go:451.37,453.59 1 1
github.com/cleanflo/firebase-fx/firestore.go:453.59,455.30 1 1
github.com/cleanflo/firebase-fx/firestore.go:456.23,458.21 2 1
github.com/cleanflo/firebase-fx/firestore.go:461.26,463.21 2 1
github.com/cleanflo/firebase-fx/firestore.go:458.21,460.8 1 0
github.com/cleanflo/firebase-fx/firestore.go:463.21,465.8 1 0
github.com/cleanflo/firebase-fx/firestore.go:473.45,474.23 1 1
github.com/cleanflo/firebase-fx/firestore.go:492.2,492.12 1 0
github.com/cleanflo/firebase-fx/firestore.go:475.11,476.18 1 0
github.com/cleanflo/firebase-fx/firestore.go:477.12,478.18 1 0
github.com/cleanflo/firebase-fx/firestore.go:479.13,480.18 1 0
github.com/cleanflo/firebase-fx/firestore.go:481.13,482.18 1 0
github.com/cleanflo/firebase-fx/firestore.go:483.13,484.18 1 0
github.com/cleanflo/firebase-fx/firestore.go:485.15,486.20 1 0
github.com/cleanflo/firebase-fx/firestore.go:487.15,488.20 1 0
github.com/cleanflo/firebase-fx/firestore.go:489.14,490.11 1 1
github.com/cleanflo/firebase-fx/firestore.go:496.110,499.16 3 1
github.com/cleanflo/firebase-fx/firestore.go:505.2,505.19 1 1
github.com/cleanflo/firebase-fx/firestore.go:514.2,516.16 3 1
github.com/cleanflo/firebase-fx/firestore.go:521.2,521.12 1 1
github.com/cleanflo/firebase-fx/firestore.go:499.16,503.3 3 0
github.com/cleanflo/firebase-fx/firestore.go:505.19,507.17 2 1
github.com/cleanflo/firebase-fx/firestore.go:507.17,511.4 3 0
github.com/cleanflo/firebase-fx/firestore.go:516.16,520.3 3 0
github.com/cleanflo/firebase-fx/firestore.go:524.43,526.2 1 1
github.com/cleanflo/firebase-fx/firestore.go:528.47,530.2 1 1
github.com/cleanflo/firebase-fx/firestore.go:532.47,534.2 1 1
github.com/cleanflo/firebase-fx/http.go:11.84,13.2 1 0
github.com/cleanflo/firebase-fx/http.go:17.87,26.2 3 0
github.com/cleanflo/firebase-fx/http.go:29.69,31.2 1 0
github.com/cleanflo/firebase-fx/http.go:43.62,46.2 2 0
github.com/cleanflo/firebase-fx/http.go:49.65,52.2 2 0
github.com/cleanflo/firebase-fx/http.go:55.63,58.2 2 0
github.com/cleanflo/firebase-fx/http.go:61.56,64.2 2 0
github.com/cleanflo/firebase-fx/http.go:67.65,70.2 2 0
github.com/cleanflo/firebase-fx/storage.go:12.56,15.2 2 1
github.com/cleanflo/firebase-fx/storage.go:17.97,18.35 1 1
github.com/cleanflo/firebase-fx/storage.go:24.2,24.12 1 0
github.com/cleanflo/firebase-fx/storage.go:18.35,19.29 1 1
github.com/cleanflo/firebase-fx/storage.go:19.29,21.4 1 1
github.com/cleanflo/firebase-fx/storage.go:38.64,41.2 2 1
github.com/cleanflo/firebase-fx/storage.go:45.69,48.54 2 1
github.com/cleanflo/firebase-fx/storage.go:52.2,53.10 2 1
github.com/cleanflo/firebase-fx/storage.go:48.54,50.3 1 1
github.com/cleanflo/firebase-fx/storage.go:58.67,61.52 2 1
github.com/cleanflo/firebase-fx/storage.go:65.2,66.10 2 1
github.com/cleanflo/firebase-fx/storage.go:61.52,63.3 1 1
github.com/cleanflo/firebase-fx/storage.go:71.68,74.53 2 1
github.com/cleanflo/firebase-fx/storage.go:78.2,79.10 2 1
github.com/cleanflo/firebase-fx/storage.go:74.53,76.3 1 1
github.com/cleanflo/firebase-fx/storage.go:84.75,87.60 2 1
github.com/cleanflo/firebase-fx/storage.go:91.2,92.10 2 1
github.com/cleanflo/firebase-fx/storage.go:87.60,89.3 1 1
github.com/cleanflo/firebase-fx/storage.go:131.97,133.2 1 0
github.com/cleanflo/firebase-fx/storage.go:135.41,137.2 1 0
github.com/cleanflo/firebase-fx/storage.go:139.45,141.2 1 0
github.com/cleanflo/firebase-fx/storage.go:143.45,145.2 1 0
github.com/cleanflo/firebase-fx/path.go:17.13,20.16 3 1
github.com/cleanflo/firebase-fx/path.go:24.2,25.16 2 1
github.com/cleanflo/firebase-fx/path.go:20.16,22.3 1 0
github.com/cleanflo/firebase-fx/path.go:25.16,27.3 1 0
github.com/cleanflo/firebase-fx/path.go:32.39,32.56 1 1
github.com/cleanflo/firebase-fx/path.go:33.39,33.61 1 1
github.com/cleanflo/firebase-fx/path.go:34.39,34.66 1 1
github.com/cleanflo/firebase-fx/path.go:36.32,38.12 2 1
github.com/cleanflo/firebase-fx/path.go:44.2,44.11 1 1
github.com/cleanflo/firebase-fx/path.go:38.12,40.13 2 1
github.com/cleanflo/firebase-fx/path.go:40.13,42.4 1 1
github.com/cleanflo/firebase-fx/path.go:50.49,55.25 2 1
github.com/cleanflo/firebase-fx/path.go:63.2,63.11 1 1
github.com/cleanflo/firebase-fx/path.go:55.25,56.54 1 1
github.com/cleanflo/firebase-fx/path.go:56.54,58.4 1 1
github.com/cleanflo/firebase-fx/path.go:58.9,58.24 1 1
github.com/cleanflo/firebase-fx/path.go:58.24,61.4 2 0
github.com/cleanflo/firebase-fx/path.go:68.74,71.35 3 1
github.com/cleanflo/firebase-fx/path.go:80.2,80.13 1 1
github.com/cleanflo/firebase-fx/path.go:71.35,72.18 1 1
github.com/cleanflo/firebase-fx/path.go:77.3,77.30 1 1
github.com/cleanflo/firebase-fx/path.go:72.18,75.12 2 0
github.com/cleanflo/firebase-fx/path.go:87.34,89.24 2 1
github.com/cleanflo/firebase-fx/path.go:92.2,92.94 1 1
github.com/cleanflo/firebase-fx/path.go:96.2,96.89 1 1
github.com/cleanflo/firebase-fx/path.go:99.2,99.12 1 1
github.com/cleanflo/firebase-fx/path.go:89.24,91.3 1 1
github.com/cleanflo/firebase-fx/path.go:92.94,94.3 1 1
github.com/cleanflo/firebase-fx/path.go:96.89,98.3 1 1
github.com/cleanflo/firebase-fx/pubsub.go:12.66,13.77 1 1
github.com/cleanflo/firebase-fx/pubsub.go:19.2,27.10 5 1
github.com/cleanflo/firebase-fx/pubsub.go:13.77,14.40 1 1
github.com/cleanflo/firebase-fx/pubsub.go:14.40,16.4 1 1
github.com/cleanflo/firebase-fx/pubsub.go:50.83,55.2 3 1
github.com/cleanflo/firebase-fx/pubsub.go:58.107,62.16 3 1
github.com/cleanflo/firebase-fx/pubsub.go:68.2,73.17 2 1
github.com/cleanflo/firebase-fx/pubsub.go:81.2,81.12 1 1
github.com/cleanflo/firebase-fx/pubsub.go:62.16,66.3 3 0
github.com/cleanflo/firebase-fx/pubsub.go:73.17,75.17 2 1
github.com/cleanflo/firebase-fx/pubsub.go:75.17,79.4 3 1
github.com/cleanflo/firebase-fx/pubsub.go:84.40,86.2 1 1
github.com/cleanflo/firebase-fx/pubsub.go:88.44,90.2 1 1
github.com/cleanflo/firebase-fx/pubsub.go:92.44,94.2 1 1
